
SQL*Loader: Release 11.1.0.6.0 - Production on Mon Apr 1 15:47:06 2013

Copyright (c) 1982, 2007, Oracle.  All rights reserved.

Control File:   lob.ctl
Data File:      lob.txt
  Bad File:     lob.bad
  Discard File:  none specified
 
 (Allow all discards)

Number to load: ALL
Number to skip: 0
Errors allowed: 50
Bind array:     64 rows, maximum of 256000 bytes
Continuation:    none specified
Path used:      Conventional

Table PACS_IMAGES, loaded from every logical record.
Insert option in effect for this table: INSERT

   Column Name                  Position   Len  Term Encl Datatype
------------------------------ ---------- ----- ---- ---- ---------------------
RECORD_ID                           FIRST    10   ,       CHARACTER            
IMAGE_ID                             NEXT    10   ,       CHARACTER            
T_FILENAME                           NEXT   100   ,       CHARACTER            
  (FILLER FIELD)
R_FILENAME                           NEXT   100   ,       CHARACTER            
  (FILLER FIELD)
F_FILENAME                           NEXT   100   ,       CHARACTER            
  (FILLER FIELD)
THUMBNAIL                         DERIVED     *  EOF      CHARACTER            
    Dynamic LOBFILE.  Filename in field T_FILENAME
REGULAR_SIZE                      DERIVED     *  EOF      CHARACTER            
    Dynamic LOBFILE.  Filename in field R_FILENAME
FULL_SIZE                         DERIVED     *  EOF      CHARACTER            
    Dynamic LOBFILE.  Filename in field F_FILENAME


Table PACS_IMAGES:
  3 Rows successfully loaded.
  0 Rows not loaded due to data errors.
  0 Rows not loaded because all WHEN clauses were failed.
  0 Rows not loaded because all fields were null.


Space allocated for bind array:                  21120 bytes(64 rows)
Read   buffer bytes: 1048576

Total logical records skipped:          0
Total logical records read:             3
Total logical records rejected:         0
Total logical records discarded:        0

Run began on Mon Apr 01 15:47:06 2013
Run ended on Mon Apr 01 15:47:06 2013

Elapsed time was:     00:00:00.11
CPU time was:         00:00:00.01
