Mar 15, 2013 12:15:46 PM org.apache.catalina.startup.Embedded initDirs
SEVERE: Cannot find specified temporary folder at /home/dsk01/cshsi/home/catalina/temp
Mar 15, 2013 12:15:46 PM org.apache.catalina.core.AprLifecycleListener init
INFO: The APR based Apache Tomcat Native library which allows optimal performance in production environments was not found on the java.library.path: /usr/lib/jvm/java-6-openjdk-amd64/jre/lib/amd64/server:/usr/lib/jvm/java-6-openjdk-amd64/jre/lib/amd64:/usr/lib/jvm/java-6-openjdk-amd64/jre/../lib/amd64:/oracle/lib:/usr/java/packages/lib/amd64:/usr/lib/x86_64-linux-gnu/jni:/lib/x86_64-linux-gnu:/usr/lib/x86_64-linux-gnu:/usr/lib/jni:/lib:/usr/lib
Mar 15, 2013 12:15:47 PM org.apache.coyote.http11.Http11Protocol init
INFO: Initializing Coyote HTTP/1.1 on http-16320
Mar 15, 2013 12:15:47 PM org.apache.catalina.startup.Catalina load
INFO: Initialization processed in 982 ms
Mar 15, 2013 12:15:47 PM org.apache.catalina.core.StandardService start
INFO: Starting service Catalina
Mar 15, 2013 12:15:47 PM org.apache.catalina.core.StandardEngine start
INFO: Starting Servlet Engine: Apache Tomcat/6.0.35
Mar 15, 2013 12:15:47 PM org.apache.catalina.startup.HostConfig deployDirectory
INFO: Deploying web application directory ROOT
Mar 15, 2013 12:15:47 PM org.apache.catalina.startup.HostConfig deployDirectory
INFO: Deploying web application directory proj1
Mar 15, 2013 12:15:47 PM org.apache.coyote.http11.Http11Protocol start
INFO: Starting Coyote HTTP/1.1 on http-16320
Mar 15, 2013 12:15:47 PM org.apache.jk.common.ChannelSocket init
INFO: JK: ajp13 listening on /0.0.0.0:8009
Mar 15, 2013 12:15:47 PM org.apache.jk.server.JkMain start
INFO: Jk running ID=0 time=0/43  config=null
Mar 15, 2013 12:15:47 PM org.apache.catalina.startup.Catalina start
INFO: Server startup in 382 ms
Mar 15, 2013 12:20:12 PM org.apache.coyote.http11.Http11Protocol pause
INFO: Pausing Coyote HTTP/1.1 on http-16320
Mar 15, 2013 12:20:13 PM org.apache.catalina.core.StandardService stop
INFO: Stopping service Catalina
Mar 15, 2013 12:20:13 PM org.apache.coyote.http11.Http11Protocol destroy
INFO: Stopping Coyote HTTP/1.1 on http-16320
Mar 15, 2013 12:20:17 PM org.apache.catalina.startup.Embedded initDirs
SEVERE: Cannot find specified temporary folder at /home/dsk01/cshsi/home/catalina/temp
Mar 15, 2013 12:20:17 PM org.apache.catalina.core.AprLifecycleListener init
INFO: The APR based Apache Tomcat Native library which allows optimal performance in production environments was not found on the java.library.path: /usr/lib/jvm/java-6-openjdk-amd64/jre/lib/amd64/server:/usr/lib/jvm/java-6-openjdk-amd64/jre/lib/amd64:/usr/lib/jvm/java-6-openjdk-amd64/jre/../lib/amd64:/oracle/lib:/usr/java/packages/lib/amd64:/usr/lib/x86_64-linux-gnu/jni:/lib/x86_64-linux-gnu:/usr/lib/x86_64-linux-gnu:/usr/lib/jni:/lib:/usr/lib
Mar 15, 2013 12:20:18 PM org.apache.coyote.http11.Http11Protocol init
INFO: Initializing Coyote HTTP/1.1 on http-16320
Mar 15, 2013 12:20:18 PM org.apache.catalina.startup.Catalina load
INFO: Initialization processed in 289 ms
Mar 15, 2013 12:20:18 PM org.apache.catalina.core.StandardService start
INFO: Starting service Catalina
Mar 15, 2013 12:20:18 PM org.apache.catalina.core.StandardEngine start
INFO: Starting Servlet Engine: Apache Tomcat/6.0.35
Mar 15, 2013 12:20:18 PM org.apache.catalina.startup.HostConfig deployDirectory
INFO: Deploying web application directory ROOT
Mar 15, 2013 12:20:18 PM org.apache.catalina.startup.HostConfig deployDirectory
INFO: Deploying web application directory proj1
Mar 15, 2013 12:20:18 PM org.apache.coyote.http11.Http11Protocol start
INFO: Starting Coyote HTTP/1.1 on http-16320
Mar 15, 2013 12:20:18 PM org.apache.jk.common.ChannelSocket init
INFO: JK: ajp13 listening on /0.0.0.0:8009
Mar 15, 2013 12:20:18 PM org.apache.jk.server.JkMain start
INFO: Jk running ID=0 time=0/9  config=null
Mar 15, 2013 12:20:18 PM org.apache.catalina.startup.Catalina start
INFO: Server startup in 181 ms
