Jan 31, 2013 2:32:47 PM org.apache.catalina.core.AprLifecycleListener init
INFO: The APR based Apache Tomcat Native library which allows optimal performance in production environments was not found on the java.library.path: /usr/lib/jvm/java-6-openjdk-amd64/jre/lib/amd64/server:/usr/lib/jvm/java-6-openjdk-amd64/jre/lib/amd64:/usr/lib/jvm/java-6-openjdk-amd64/jre/../lib/amd64:/oracle/lib:/usr/java/packages/lib/amd64:/usr/lib/x86_64-linux-gnu/jni:/lib/x86_64-linux-gnu:/usr/lib/x86_64-linux-gnu:/usr/lib/jni:/lib:/usr/lib
Jan 31, 2013 2:32:48 PM org.apache.coyote.http11.Http11Protocol init
INFO: Initializing Coyote HTTP/1.1 on http-8080
Jan 31, 2013 2:32:48 PM org.apache.catalina.startup.Catalina load
INFO: Initialization processed in 1058 ms
Jan 31, 2013 2:32:48 PM org.apache.catalina.core.StandardService start
INFO: Starting service Catalina
Jan 31, 2013 2:32:48 PM org.apache.catalina.core.StandardEngine start
INFO: Starting Servlet Engine: Apache Tomcat/6.0.35
Jan 31, 2013 2:32:48 PM org.apache.catalina.startup.HostConfig deployDirectory
INFO: Deploying web application directory ROOT
Jan 31, 2013 2:32:48 PM org.apache.coyote.http11.Http11Protocol start
INFO: Starting Coyote HTTP/1.1 on http-8080
Jan 31, 2013 2:32:48 PM org.apache.jk.common.ChannelSocket init
INFO: JK: ajp13 listening on /0.0.0.0:8009
Jan 31, 2013 2:32:48 PM org.apache.jk.server.JkMain start
INFO: Jk running ID=0 time=0/26  config=null
Jan 31, 2013 2:32:48 PM org.apache.catalina.startup.Catalina start
INFO: Server startup in 382 ms
Jan 31, 2013 2:34:41 PM org.apache.coyote.http11.Http11Protocol pause
INFO: Pausing Coyote HTTP/1.1 on http-8080
Jan 31, 2013 2:34:42 PM org.apache.catalina.core.StandardService stop
INFO: Stopping service Catalina
Jan 31, 2013 2:34:42 PM org.apache.coyote.http11.Http11Protocol destroy
INFO: Stopping Coyote HTTP/1.1 on http-8080
Jan 31, 2013 2:51:38 PM org.apache.catalina.core.AprLifecycleListener init
INFO: The APR based Apache Tomcat Native library which allows optimal performance in production environments was not found on the java.library.path: /usr/lib/jvm/java-6-openjdk-amd64/jre/lib/amd64/server:/usr/lib/jvm/java-6-openjdk-amd64/jre/lib/amd64:/usr/lib/jvm/java-6-openjdk-amd64/jre/../lib/amd64:/oracle/lib:/usr/java/packages/lib/amd64:/usr/lib/x86_64-linux-gnu/jni:/lib/x86_64-linux-gnu:/usr/lib/x86_64-linux-gnu:/usr/lib/jni:/lib:/usr/lib
Jan 31, 2013 2:51:38 PM org.apache.coyote.http11.Http11Protocol init
INFO: Initializing Coyote HTTP/1.1 on http-16320
Jan 31, 2013 2:51:38 PM org.apache.catalina.startup.Catalina load
INFO: Initialization processed in 491 ms
Jan 31, 2013 2:51:38 PM org.apache.catalina.core.StandardService start
INFO: Starting service Catalina
Jan 31, 2013 2:51:38 PM org.apache.catalina.core.StandardEngine start
INFO: Starting Servlet Engine: Apache Tomcat/6.0.35
Jan 31, 2013 2:51:38 PM org.apache.catalina.startup.HostConfig deployDirectory
INFO: Deploying web application directory ROOT
Jan 31, 2013 2:51:39 PM org.apache.catalina.startup.HostConfig deployDirectory
INFO: Deploying web application directory proj1
Jan 31, 2013 2:51:39 PM org.apache.coyote.http11.Http11Protocol start
INFO: Starting Coyote HTTP/1.1 on http-16320
Jan 31, 2013 2:51:39 PM org.apache.jk.common.ChannelSocket init
INFO: JK: ajp13 listening on /0.0.0.0:8009
Jan 31, 2013 2:51:39 PM org.apache.jk.server.JkMain start
INFO: Jk running ID=0 time=0/18  config=null
Jan 31, 2013 2:51:39 PM org.apache.catalina.startup.Catalina start
INFO: Server startup in 286 ms
Jan 31, 2013 2:55:37 PM org.apache.coyote.http11.Http11Protocol pause
INFO: Pausing Coyote HTTP/1.1 on http-16320
Jan 31, 2013 2:55:38 PM org.apache.catalina.core.StandardService stop
INFO: Stopping service Catalina
Jan 31, 2013 2:55:38 PM org.apache.coyote.http11.Http11Protocol destroy
INFO: Stopping Coyote HTTP/1.1 on http-16320
Jan 31, 2013 3:03:05 PM org.apache.catalina.core.AprLifecycleListener init
INFO: The APR based Apache Tomcat Native library which allows optimal performance in production environments was not found on the java.library.path: /usr/lib/jvm/java-6-openjdk-amd64/jre/lib/amd64/server:/usr/lib/jvm/java-6-openjdk-amd64/jre/lib/amd64:/usr/lib/jvm/java-6-openjdk-amd64/jre/../lib/amd64:/oracle/lib:/usr/java/packages/lib/amd64:/usr/lib/x86_64-linux-gnu/jni:/lib/x86_64-linux-gnu:/usr/lib/x86_64-linux-gnu:/usr/lib/jni:/lib:/usr/lib
Jan 31, 2013 3:03:06 PM org.apache.coyote.http11.Http11Protocol init
INFO: Initializing Coyote HTTP/1.1 on http-16320
Jan 31, 2013 3:03:06 PM org.apache.catalina.startup.Catalina load
INFO: Initialization processed in 605 ms
Jan 31, 2013 3:03:06 PM org.apache.catalina.core.StandardService start
INFO: Starting service Catalina
Jan 31, 2013 3:03:06 PM org.apache.catalina.core.StandardEngine start
INFO: Starting Servlet Engine: Apache Tomcat/6.0.35
Jan 31, 2013 3:03:06 PM org.apache.catalina.startup.HostConfig deployDirectory
INFO: Deploying web application directory ROOT
Jan 31, 2013 3:03:06 PM org.apache.catalina.startup.HostConfig deployDirectory
INFO: Deploying web application directory proj1
Jan 31, 2013 3:03:06 PM org.apache.coyote.http11.Http11Protocol start
INFO: Starting Coyote HTTP/1.1 on http-16320
Jan 31, 2013 3:03:06 PM org.apache.jk.common.ChannelSocket init
INFO: JK: ajp13 listening on /0.0.0.0:8009
Jan 31, 2013 3:03:06 PM org.apache.jk.server.JkMain start
INFO: Jk running ID=0 time=0/46  config=null
Jan 31, 2013 3:03:06 PM org.apache.catalina.startup.Catalina start
INFO: Server startup in 329 ms
Jan 31, 2013 3:15:26 PM org.apache.catalina.startup.HostConfig checkResources
INFO: Reloading context [/proj1]
Jan 31, 2013 3:17:06 PM org.apache.catalina.startup.HostConfig checkResources
INFO: Reloading context [/proj1]
Jan 31, 2013 3:17:36 PM org.apache.catalina.startup.HostConfig checkResources
INFO: Reloading context [/proj1]
Jan 31, 2013 3:17:56 PM org.apache.catalina.startup.HostConfig checkResources
INFO: Reloading context [/proj1]
Jan 31, 2013 3:19:34 PM org.apache.coyote.http11.Http11Protocol pause
INFO: Pausing Coyote HTTP/1.1 on http-16320
Jan 31, 2013 3:19:35 PM org.apache.catalina.core.StandardService stop
INFO: Stopping service Catalina
Jan 31, 2013 3:19:35 PM org.apache.coyote.http11.Http11Protocol destroy
INFO: Stopping Coyote HTTP/1.1 on http-16320
Jan 31, 2013 3:19:39 PM org.apache.catalina.core.AprLifecycleListener init
INFO: The APR based Apache Tomcat Native library which allows optimal performance in production environments was not found on the java.library.path: /usr/lib/jvm/java-6-openjdk-amd64/jre/lib/amd64/server:/usr/lib/jvm/java-6-openjdk-amd64/jre/lib/amd64:/usr/lib/jvm/java-6-openjdk-amd64/jre/../lib/amd64:/oracle/lib:/usr/java/packages/lib/amd64:/usr/lib/x86_64-linux-gnu/jni:/lib/x86_64-linux-gnu:/usr/lib/x86_64-linux-gnu:/usr/lib/jni:/lib:/usr/lib
Jan 31, 2013 3:19:39 PM org.apache.coyote.http11.Http11Protocol init
INFO: Initializing Coyote HTTP/1.1 on http-16320
Jan 31, 2013 3:19:39 PM org.apache.catalina.startup.Catalina load
INFO: Initialization processed in 547 ms
Jan 31, 2013 3:19:40 PM org.apache.catalina.core.StandardService start
INFO: Starting service Catalina
Jan 31, 2013 3:19:40 PM org.apache.catalina.core.StandardEngine start
INFO: Starting Servlet Engine: Apache Tomcat/6.0.35
Jan 31, 2013 3:19:40 PM org.apache.catalina.startup.HostConfig deployDirectory
INFO: Deploying web application directory ROOT
Jan 31, 2013 3:19:40 PM org.apache.catalina.startup.HostConfig deployDirectory
INFO: Deploying web application directory proj1
Jan 31, 2013 3:19:40 PM org.apache.coyote.http11.Http11Protocol start
INFO: Starting Coyote HTTP/1.1 on http-16320
Jan 31, 2013 3:19:40 PM org.apache.jk.common.ChannelSocket init
INFO: JK: ajp13 listening on /0.0.0.0:8009
Jan 31, 2013 3:19:40 PM org.apache.jk.server.JkMain start
INFO: Jk running ID=0 time=0/16  config=null
Jan 31, 2013 3:19:40 PM org.apache.catalina.startup.Catalina start
INFO: Server startup in 326 ms
Jan 31, 2013 3:22:30 PM org.apache.catalina.startup.HostConfig checkResources
INFO: Reloading context []
Jan 31, 2013 3:22:30 PM org.apache.catalina.startup.HostConfig checkResources
INFO: Reloading context [/proj1]
Jan 31, 2013 3:27:43 PM org.apache.coyote.http11.Http11Protocol pause
INFO: Pausing Coyote HTTP/1.1 on http-16320
Jan 31, 2013 3:27:44 PM org.apache.catalina.core.StandardService stop
INFO: Stopping service Catalina
Jan 31, 2013 3:27:44 PM org.apache.coyote.http11.Http11Protocol destroy
INFO: Stopping Coyote HTTP/1.1 on http-16320
