Mar 14, 2013 6:38:42 PM org.apache.catalina.core.AprLifecycleListener init
INFO: The APR based Apache Tomcat Native library which allows optimal performance in production environments was not found on the java.library.path: /usr/lib/jvm/java-6-openjdk-amd64/jre/lib/amd64/server:/usr/lib/jvm/java-6-openjdk-amd64/jre/lib/amd64:/usr/lib/jvm/java-6-openjdk-amd64/jre/../lib/amd64:/oracle/lib:/usr/java/packages/lib/amd64:/usr/lib/x86_64-linux-gnu/jni:/lib/x86_64-linux-gnu:/usr/lib/x86_64-linux-gnu:/usr/lib/jni:/lib:/usr/lib
Mar 14, 2013 6:38:43 PM org.apache.coyote.http11.Http11Protocol init
INFO: Initializing Coyote HTTP/1.1 on http-16320
Mar 14, 2013 6:38:43 PM org.apache.catalina.startup.Catalina load
INFO: Initialization processed in 732 ms
Mar 14, 2013 6:38:43 PM org.apache.catalina.core.StandardService start
INFO: Starting service Catalina
Mar 14, 2013 6:38:43 PM org.apache.catalina.core.StandardEngine start
INFO: Starting Servlet Engine: Apache Tomcat/6.0.35
Mar 14, 2013 6:38:43 PM org.apache.catalina.startup.HostConfig deployDirectory
INFO: Deploying web application directory ROOT
Mar 14, 2013 6:38:43 PM org.apache.catalina.startup.HostConfig deployDirectory
INFO: Deploying web application directory proj1
Mar 14, 2013 6:38:44 PM org.apache.coyote.http11.Http11Protocol start
INFO: Starting Coyote HTTP/1.1 on http-16320
Mar 14, 2013 6:38:44 PM org.apache.jk.common.ChannelSocket init
INFO: JK: ajp13 listening on /0.0.0.0:8009
Mar 14, 2013 6:38:44 PM org.apache.jk.server.JkMain start
INFO: Jk running ID=0 time=0/37  config=null
Mar 14, 2013 6:38:44 PM org.apache.catalina.startup.Catalina start
INFO: Server startup in 1024 ms
Mar 14, 2013 6:39:14 PM oracle.jdbc.driver.OracleDriver registerMBeans
SEVERE: Error while registering Oracle JDBC Diagnosability MBean.
javax.management.MalformedObjectNameException: Invalid character '
' in value part of property
	at javax.management.ObjectName.construct(ObjectName.java:617)
	at javax.management.ObjectName.<init>(ObjectName.java:1415)
	at oracle.jdbc.driver.OracleDriver.registerMBeans(OracleDriver.java:303)
	at oracle.jdbc.driver.OracleDriver$1.run(OracleDriver.java:213)
	at java.security.AccessController.doPrivileged(Native Method)
	at oracle.jdbc.driver.OracleDriver.<clinit>(OracleDriver.java:209)
	at java.lang.Class.forName0(Native Method)
	at java.lang.Class.forName(Class.java:188)
	at org.apache.jsp.login_jsp._jspService(login_jsp.java:88)
	at org.apache.jasper.runtime.HttpJspBase.service(HttpJspBase.java:70)
	at javax.servlet.http.HttpServlet.service(HttpServlet.java:717)
	at org.apache.jasper.servlet.JspServletWrapper.service(JspServletWrapper.java:388)
	at org.apache.jasper.servlet.JspServlet.serviceJspFile(JspServlet.java:313)
	at org.apache.jasper.servlet.JspServlet.service(JspServlet.java:260)
	at javax.servlet.http.HttpServlet.service(HttpServlet.java:717)
	at org.apache.catalina.core.ApplicationFilterChain.internalDoFilter(ApplicationFilterChain.java:290)
	at org.apache.catalina.core.ApplicationFilterChain.doFilter(ApplicationFilterChain.java:206)
	at org.apache.catalina.core.StandardWrapperValve.invoke(StandardWrapperValve.java:233)
	at org.apache.catalina.core.StandardContextValve.invoke(StandardContextValve.java:191)
	at org.apache.catalina.core.StandardHostValve.invoke(StandardHostValve.java:127)
	at org.apache.catalina.valves.ErrorReportValve.invoke(ErrorReportValve.java:102)
	at org.apache.catalina.core.StandardEngineValve.invoke(StandardEngineValve.java:109)
	at org.apache.catalina.connector.CoyoteAdapter.service(CoyoteAdapter.java:293)
	at org.apache.coyote.http11.Http11Processor.process(Http11Processor.java:859)
	at org.apache.coyote.http11.Http11Protocol$Http11ConnectionHandler.process(Http11Protocol.java:602)
	at org.apache.tomcat.util.net.JIoEndpoint$Worker.run(JIoEndpoint.java:489)
	at java.lang.Thread.run(Thread.java:679)
Mar 14, 2013 8:07:41 PM org.apache.coyote.http11.Http11Protocol pause
INFO: Pausing Coyote HTTP/1.1 on http-16320
Mar 14, 2013 8:07:42 PM org.apache.catalina.core.StandardService stop
INFO: Stopping service Catalina
Mar 14, 2013 8:07:42 PM org.apache.catalina.loader.WebappClassLoader clearReferencesJdbc
SEVERE: The web application [/proj1] registered the JDBC driver [oracle.jdbc.OracleDriver] but failed to unregister it when the web application was stopped. To prevent a memory leak, the JDBC Driver has been forcibly unregistered.
Mar 14, 2013 8:07:42 PM org.apache.catalina.loader.WebappClassLoader clearReferencesThreads
SEVERE: The web application [/proj1] appears to have started a thread named [AWT-XAWT] but has failed to stop it. This is very likely to create a memory leak.
Mar 14, 2013 8:07:42 PM org.apache.coyote.http11.Http11Protocol destroy
INFO: Stopping Coyote HTTP/1.1 on http-16320
