Mar 14, 2013 6:56:21 PM org.apache.catalina.core.StandardWrapperValve invoke
SEVERE: Servlet.service() for servlet jsp threw exception
org.apache.jasper.JasperException: Unable to compile class for JSP: 

An error occurred at line: 81 in the jsp file: /login.jsp
Syntax error on token "text", delete this token
78: 
79:                 try{
80:                         conn.close();
81:                         out.println("<script type = "text/javascript">);
82:                         out.println("alert(\\"Invalid login credentials\\"));
83:                         out.println("</script>");
84:                         


An error occurred at line: 81 in the jsp file: /login.jsp
Syntax error, insert ")" to complete MethodInvocation
78: 
79:                 try{
80:                         conn.close();
81:                         out.println("<script type = "text/javascript">);
82:                         out.println("alert(\\"Invalid login credentials\\"));
83:                         out.println("</script>");
84:                         


An error occurred at line: 81 in the jsp file: /login.jsp
Syntax error, insert ";" to complete Statement
78: 
79:                 try{
80:                         conn.close();
81:                         out.println("<script type = "text/javascript">);
82:                         out.println("alert(\\"Invalid login credentials\\"));
83:                         out.println("</script>");
84:                         


An error occurred at line: 81 in the jsp file: /login.jsp
javascript cannot be resolved to a variable
78: 
79:                 try{
80:                         conn.close();
81:                         out.println("<script type = "text/javascript">);
82:                         out.println("alert(\\"Invalid login credentials\\"));
83:                         out.println("</script>");
84:                         


An error occurred at line: 81 in the jsp file: /login.jsp
String literal is not properly closed by a double-quote
78: 
79:                 try{
80:                         conn.close();
81:                         out.println("<script type = "text/javascript">);
82:                         out.println("alert(\\"Invalid login credentials\\"));
83:                         out.println("</script>");
84:                         


An error occurred at line: 81 in the jsp file: /login.jsp
String literal is not properly closed by a double-quote
78: 
79:                 try{
80:                         conn.close();
81:                         out.println("<script type = "text/javascript">);
82:                         out.println("alert(\\"Invalid login credentials\\"));
83:                         out.println("</script>");
84:                         


An error occurred at line: 81 in the jsp file: /login.jsp
Syntax error, insert ")" to complete MethodInvocation
78: 
79:                 try{
80:                         conn.close();
81:                         out.println("<script type = "text/javascript">);
82:                         out.println("alert(\\"Invalid login credentials\\"));
83:                         out.println("</script>");
84:                         


An error occurred at line: 81 in the jsp file: /login.jsp
Syntax error, insert ";" to complete Statement
78: 
79:                 try{
80:                         conn.close();
81:                         out.println("<script type = "text/javascript">);
82:                         out.println("alert(\\"Invalid login credentials\\"));
83:                         out.println("</script>");
84:                         


An error occurred at line: 81 in the jsp file: /login.jsp
Syntax error on token(s), misplaced construct(s)
78: 
79:                 try{
80:                         conn.close();
81:                         out.println("<script type = "text/javascript">);
82:                         out.println("alert(\\"Invalid login credentials\\"));
83:                         out.println("</script>");
84:                         


An error occurred at line: 81 in the jsp file: /login.jsp
Syntax error, insert ";" to complete LocalVariableDeclarationStatement
78: 
79:                 try{
80:                         conn.close();
81:                         out.println("<script type = "text/javascript">);
82:                         out.println("alert(\\"Invalid login credentials\\"));
83:                         out.println("</script>");
84:                         


Stacktrace:
	at org.apache.jasper.compiler.DefaultErrorHandler.javacError(DefaultErrorHandler.java:92)
	at org.apache.jasper.compiler.ErrorDispatcher.javacError(ErrorDispatcher.java:330)
	at org.apache.jasper.compiler.JDTCompiler.generateClass(JDTCompiler.java:439)
	at org.apache.jasper.compiler.Compiler.compile(Compiler.java:356)
	at org.apache.jasper.compiler.Compiler.compile(Compiler.java:334)
	at org.apache.jasper.compiler.Compiler.compile(Compiler.java:321)
	at org.apache.jasper.JspCompilationContext.compile(JspCompilationContext.java:592)
	at org.apache.jasper.servlet.JspServletWrapper.service(JspServletWrapper.java:328)
	at org.apache.jasper.servlet.JspServlet.serviceJspFile(JspServlet.java:313)
	at org.apache.jasper.servlet.JspServlet.service(JspServlet.java:260)
	at javax.servlet.http.HttpServlet.service(HttpServlet.java:717)
	at org.apache.catalina.core.ApplicationFilterChain.internalDoFilter(ApplicationFilterChain.java:290)
	at org.apache.catalina.core.ApplicationFilterChain.doFilter(ApplicationFilterChain.java:206)
	at org.apache.catalina.core.StandardWrapperValve.invoke(StandardWrapperValve.java:233)
	at org.apache.catalina.core.StandardContextValve.invoke(StandardContextValve.java:191)
	at org.apache.catalina.core.StandardHostValve.invoke(StandardHostValve.java:127)
	at org.apache.catalina.valves.ErrorReportValve.invoke(ErrorReportValve.java:102)
	at org.apache.catalina.core.StandardEngineValve.invoke(StandardEngineValve.java:109)
	at org.apache.catalina.connector.CoyoteAdapter.service(CoyoteAdapter.java:293)
	at org.apache.coyote.http11.Http11Processor.process(Http11Processor.java:859)
	at org.apache.coyote.http11.Http11Protocol$Http11ConnectionHandler.process(Http11Protocol.java:602)
	at org.apache.tomcat.util.net.JIoEndpoint$Worker.run(JIoEndpoint.java:489)
	at java.lang.Thread.run(Thread.java:679)
Mar 14, 2013 6:58:01 PM org.apache.catalina.core.StandardWrapperValve invoke
SEVERE: Servlet.service() for servlet jsp threw exception
org.apache.jasper.JasperException: Unable to compile class for JSP: 

An error occurred at line: 81 in the jsp file: /login.jsp
String literal is not properly closed by a double-quote
78: 
79:                 try{
80:                         conn.close();
81:                         out.println("<script>);
82:                         out.println("alert(\\"Invalid login credentials\\"););
83:                         out.println("</script>");
84:                         


Stacktrace:
	at org.apache.jasper.compiler.DefaultErrorHandler.javacError(DefaultErrorHandler.java:92)
	at org.apache.jasper.compiler.ErrorDispatcher.javacError(ErrorDispatcher.java:330)
	at org.apache.jasper.compiler.JDTCompiler.generateClass(JDTCompiler.java:439)
	at org.apache.jasper.compiler.Compiler.compile(Compiler.java:356)
	at org.apache.jasper.compiler.Compiler.compile(Compiler.java:334)
	at org.apache.jasper.compiler.Compiler.compile(Compiler.java:321)
	at org.apache.jasper.JspCompilationContext.compile(JspCompilationContext.java:592)
	at org.apache.jasper.servlet.JspServletWrapper.service(JspServletWrapper.java:328)
	at org.apache.jasper.servlet.JspServlet.serviceJspFile(JspServlet.java:313)
	at org.apache.jasper.servlet.JspServlet.service(JspServlet.java:260)
	at javax.servlet.http.HttpServlet.service(HttpServlet.java:717)
	at org.apache.catalina.core.ApplicationFilterChain.internalDoFilter(ApplicationFilterChain.java:290)
	at org.apache.catalina.core.ApplicationFilterChain.doFilter(ApplicationFilterChain.java:206)
	at org.apache.catalina.core.StandardWrapperValve.invoke(StandardWrapperValve.java:233)
	at org.apache.catalina.core.StandardContextValve.invoke(StandardContextValve.java:191)
	at org.apache.catalina.core.StandardHostValve.invoke(StandardHostValve.java:127)
	at org.apache.catalina.valves.ErrorReportValve.invoke(ErrorReportValve.java:102)
	at org.apache.catalina.core.StandardEngineValve.invoke(StandardEngineValve.java:109)
	at org.apache.catalina.connector.CoyoteAdapter.service(CoyoteAdapter.java:293)
	at org.apache.coyote.http11.Http11Processor.process(Http11Processor.java:859)
	at org.apache.coyote.http11.Http11Protocol$Http11ConnectionHandler.process(Http11Protocol.java:602)
	at org.apache.tomcat.util.net.JIoEndpoint$Worker.run(JIoEndpoint.java:489)
	at java.lang.Thread.run(Thread.java:679)
Mar 14, 2013 6:58:25 PM org.apache.catalina.core.StandardWrapperValve invoke
SEVERE: Servlet.service() for servlet jsp threw exception
org.apache.jasper.JasperException: Unable to compile class for JSP: 

An error occurred at line: 81 in the jsp file: /login.jsp
String literal is not properly closed by a double-quote
78: 
79:                 try{
80:                         conn.close();
81:                         out.println("<script>);
82:                         out.println("alert(\\"Invalid login credentials\\");");
83:                         out.println("</script>");
84:                         


Stacktrace:
	at org.apache.jasper.compiler.DefaultErrorHandler.javacError(DefaultErrorHandler.java:92)
	at org.apache.jasper.compiler.ErrorDispatcher.javacError(ErrorDispatcher.java:330)
	at org.apache.jasper.compiler.JDTCompiler.generateClass(JDTCompiler.java:439)
	at org.apache.jasper.compiler.Compiler.compile(Compiler.java:356)
	at org.apache.jasper.compiler.Compiler.compile(Compiler.java:334)
	at org.apache.jasper.compiler.Compiler.compile(Compiler.java:321)
	at org.apache.jasper.JspCompilationContext.compile(JspCompilationContext.java:592)
	at org.apache.jasper.servlet.JspServletWrapper.service(JspServletWrapper.java:328)
	at org.apache.jasper.servlet.JspServlet.serviceJspFile(JspServlet.java:313)
	at org.apache.jasper.servlet.JspServlet.service(JspServlet.java:260)
	at javax.servlet.http.HttpServlet.service(HttpServlet.java:717)
	at org.apache.catalina.core.ApplicationFilterChain.internalDoFilter(ApplicationFilterChain.java:290)
	at org.apache.catalina.core.ApplicationFilterChain.doFilter(ApplicationFilterChain.java:206)
	at org.apache.catalina.core.StandardWrapperValve.invoke(StandardWrapperValve.java:233)
	at org.apache.catalina.core.StandardContextValve.invoke(StandardContextValve.java:191)
	at org.apache.catalina.core.StandardHostValve.invoke(StandardHostValve.java:127)
	at org.apache.catalina.valves.ErrorReportValve.invoke(ErrorReportValve.java:102)
	at org.apache.catalina.core.StandardEngineValve.invoke(StandardEngineValve.java:109)
	at org.apache.catalina.connector.CoyoteAdapter.service(CoyoteAdapter.java:293)
	at org.apache.coyote.http11.Http11Processor.process(Http11Processor.java:859)
	at org.apache.coyote.http11.Http11Protocol$Http11ConnectionHandler.process(Http11Protocol.java:602)
	at org.apache.tomcat.util.net.JIoEndpoint$Worker.run(JIoEndpoint.java:489)
	at java.lang.Thread.run(Thread.java:679)
Mar 14, 2013 6:58:31 PM org.apache.catalina.core.StandardWrapperValve invoke
SEVERE: Servlet.service() for servlet jsp threw exception
org.apache.jasper.JasperException: Unable to compile class for JSP: 

An error occurred at line: 81 in the jsp file: /login.jsp
String literal is not properly closed by a double-quote
78: 
79:                 try{
80:                         conn.close();
81:                         out.println("<script>);
82:                         out.println("alert(\\"Invalid login credentials\\");");
83:                         out.println("</script>");
84:                         


Stacktrace:
	at org.apache.jasper.compiler.DefaultErrorHandler.javacError(DefaultErrorHandler.java:92)
	at org.apache.jasper.compiler.ErrorDispatcher.javacError(ErrorDispatcher.java:330)
	at org.apache.jasper.compiler.JDTCompiler.generateClass(JDTCompiler.java:439)
	at org.apache.jasper.compiler.Compiler.compile(Compiler.java:356)
	at org.apache.jasper.compiler.Compiler.compile(Compiler.java:334)
	at org.apache.jasper.compiler.Compiler.compile(Compiler.java:321)
	at org.apache.jasper.JspCompilationContext.compile(JspCompilationContext.java:592)
	at org.apache.jasper.servlet.JspServletWrapper.service(JspServletWrapper.java:328)
	at org.apache.jasper.servlet.JspServlet.serviceJspFile(JspServlet.java:313)
	at org.apache.jasper.servlet.JspServlet.service(JspServlet.java:260)
	at javax.servlet.http.HttpServlet.service(HttpServlet.java:717)
	at org.apache.catalina.core.ApplicationFilterChain.internalDoFilter(ApplicationFilterChain.java:290)
	at org.apache.catalina.core.ApplicationFilterChain.doFilter(ApplicationFilterChain.java:206)
	at org.apache.catalina.core.StandardWrapperValve.invoke(StandardWrapperValve.java:233)
	at org.apache.catalina.core.StandardContextValve.invoke(StandardContextValve.java:191)
	at org.apache.catalina.core.StandardHostValve.invoke(StandardHostValve.java:127)
	at org.apache.catalina.valves.ErrorReportValve.invoke(ErrorReportValve.java:102)
	at org.apache.catalina.core.StandardEngineValve.invoke(StandardEngineValve.java:109)
	at org.apache.catalina.connector.CoyoteAdapter.service(CoyoteAdapter.java:293)
	at org.apache.coyote.http11.Http11Processor.process(Http11Processor.java:859)
	at org.apache.coyote.http11.Http11Protocol$Http11ConnectionHandler.process(Http11Protocol.java:602)
	at org.apache.tomcat.util.net.JIoEndpoint$Worker.run(JIoEndpoint.java:489)
	at java.lang.Thread.run(Thread.java:679)
Mar 14, 2013 7:02:28 PM org.apache.catalina.core.StandardWrapperValve invoke
SEVERE: Servlet.service() for servlet jsp threw exception
org.apache.jasper.JasperException: Unable to compile class for JSP: 

An error occurred at line: 81 in the jsp file: /login.jsp
String literal is not properly closed by a double-quote
78: 
79:                 try{
80:                         conn.close();
81:                         out.println("<script>);
82:                         out.println("alert(\"Invalid login credentials\");");
83:                         out.println("</script>");
84:                         


Stacktrace:
	at org.apache.jasper.compiler.DefaultErrorHandler.javacError(DefaultErrorHandler.java:92)
	at org.apache.jasper.compiler.ErrorDispatcher.javacError(ErrorDispatcher.java:330)
	at org.apache.jasper.compiler.JDTCompiler.generateClass(JDTCompiler.java:439)
	at org.apache.jasper.compiler.Compiler.compile(Compiler.java:356)
	at org.apache.jasper.compiler.Compiler.compile(Compiler.java:334)
	at org.apache.jasper.compiler.Compiler.compile(Compiler.java:321)
	at org.apache.jasper.JspCompilationContext.compile(JspCompilationContext.java:592)
	at org.apache.jasper.servlet.JspServletWrapper.service(JspServletWrapper.java:328)
	at org.apache.jasper.servlet.JspServlet.serviceJspFile(JspServlet.java:313)
	at org.apache.jasper.servlet.JspServlet.service(JspServlet.java:260)
	at javax.servlet.http.HttpServlet.service(HttpServlet.java:717)
	at org.apache.catalina.core.ApplicationFilterChain.internalDoFilter(ApplicationFilterChain.java:290)
	at org.apache.catalina.core.ApplicationFilterChain.doFilter(ApplicationFilterChain.java:206)
	at org.apache.catalina.core.StandardWrapperValve.invoke(StandardWrapperValve.java:233)
	at org.apache.catalina.core.StandardContextValve.invoke(StandardContextValve.java:191)
	at org.apache.catalina.core.StandardHostValve.invoke(StandardHostValve.java:127)
	at org.apache.catalina.valves.ErrorReportValve.invoke(ErrorReportValve.java:102)
	at org.apache.catalina.core.StandardEngineValve.invoke(StandardEngineValve.java:109)
	at org.apache.catalina.connector.CoyoteAdapter.service(CoyoteAdapter.java:293)
	at org.apache.coyote.http11.Http11Processor.process(Http11Processor.java:859)
	at org.apache.coyote.http11.Http11Protocol$Http11ConnectionHandler.process(Http11Protocol.java:602)
	at org.apache.tomcat.util.net.JIoEndpoint$Worker.run(JIoEndpoint.java:489)
	at java.lang.Thread.run(Thread.java:679)
Mar 14, 2013 7:03:23 PM org.apache.catalina.core.StandardWrapperValve invoke
SEVERE: Servlet.service() for servlet jsp threw exception
org.apache.jasper.JasperException: Unable to compile class for JSP: 

An error occurred at line: 82 in the jsp file: /login.jsp
Syntax error, insert ")" to complete MethodInvocation
79:                 try{
80:                         conn.close();
81:                         out.println("<script>");
82:                         out.println("alert(\\"Invalid login credentials\\");");
83:                         out.println("</script>");
84:                         
85:                         


An error occurred at line: 82 in the jsp file: /login.jsp
Syntax error, insert ";" to complete Statement
79:                 try{
80:                         conn.close();
81:                         out.println("<script>");
82:                         out.println("alert(\\"Invalid login credentials\\");");
83:                         out.println("</script>");
84:                         
85:                         


An error occurred at line: 82 in the jsp file: /login.jsp
Syntax error on token(s), misplaced construct(s)
79:                 try{
80:                         conn.close();
81:                         out.println("<script>");
82:                         out.println("alert(\\"Invalid login credentials\\");");
83:                         out.println("</script>");
84:                         
85:                         


An error occurred at line: 82 in the jsp file: /login.jsp
login cannot be resolved to a type
79:                 try{
80:                         conn.close();
81:                         out.println("<script>");
82:                         out.println("alert(\\"Invalid login credentials\\");");
83:                         out.println("</script>");
84:                         
85:                         


An error occurred at line: 82 in the jsp file: /login.jsp
Syntax error on tokens, delete these tokens
79:                 try{
80:                         conn.close();
81:                         out.println("<script>");
82:                         out.println("alert(\\"Invalid login credentials\\");");
83:                         out.println("</script>");
84:                         
85:                         


Stacktrace:
	at org.apache.jasper.compiler.DefaultErrorHandler.javacError(DefaultErrorHandler.java:92)
	at org.apache.jasper.compiler.ErrorDispatcher.javacError(ErrorDispatcher.java:330)
	at org.apache.jasper.compiler.JDTCompiler.generateClass(JDTCompiler.java:439)
	at org.apache.jasper.compiler.Compiler.compile(Compiler.java:356)
	at org.apache.jasper.compiler.Compiler.compile(Compiler.java:334)
	at org.apache.jasper.compiler.Compiler.compile(Compiler.java:321)
	at org.apache.jasper.JspCompilationContext.compile(JspCompilationContext.java:592)
	at org.apache.jasper.servlet.JspServletWrapper.service(JspServletWrapper.java:328)
	at org.apache.jasper.servlet.JspServlet.serviceJspFile(JspServlet.java:313)
	at org.apache.jasper.servlet.JspServlet.service(JspServlet.java:260)
	at javax.servlet.http.HttpServlet.service(HttpServlet.java:717)
	at org.apache.catalina.core.ApplicationFilterChain.internalDoFilter(ApplicationFilterChain.java:290)
	at org.apache.catalina.core.ApplicationFilterChain.doFilter(ApplicationFilterChain.java:206)
	at org.apache.catalina.core.StandardWrapperValve.invoke(StandardWrapperValve.java:233)
	at org.apache.catalina.core.StandardContextValve.invoke(StandardContextValve.java:191)
	at org.apache.catalina.core.StandardHostValve.invoke(StandardHostValve.java:127)
	at org.apache.catalina.valves.ErrorReportValve.invoke(ErrorReportValve.java:102)
	at org.apache.catalina.core.StandardEngineValve.invoke(StandardEngineValve.java:109)
	at org.apache.catalina.connector.CoyoteAdapter.service(CoyoteAdapter.java:293)
	at org.apache.coyote.http11.Http11Processor.process(Http11Processor.java:859)
	at org.apache.coyote.http11.Http11Protocol$Http11ConnectionHandler.process(Http11Protocol.java:602)
	at org.apache.tomcat.util.net.JIoEndpoint$Worker.run(JIoEndpoint.java:489)
	at java.lang.Thread.run(Thread.java:679)
Mar 14, 2013 7:03:56 PM org.apache.catalina.core.StandardWrapperValve invoke
SEVERE: Servlet.service() for servlet jsp threw exception
org.apache.jasper.JasperException: Unable to compile class for JSP: 

An error occurred at line: 82 in the jsp file: /login.jsp
Syntax error, insert ")" to complete MethodInvocation
79:                 try{
80:                         conn.close();
81:                         out.println("<script>");
82:                         out.println("alert(\\"Invalid login credentials\\")\;");
83:                         out.println("</script>");
84:                         
85:                         


An error occurred at line: 82 in the jsp file: /login.jsp
Syntax error, insert ";" to complete Statement
79:                 try{
80:                         conn.close();
81:                         out.println("<script>");
82:                         out.println("alert(\\"Invalid login credentials\\")\;");
83:                         out.println("</script>");
84:                         
85:                         


An error occurred at line: 82 in the jsp file: /login.jsp
Syntax error on token(s), misplaced construct(s)
79:                 try{
80:                         conn.close();
81:                         out.println("<script>");
82:                         out.println("alert(\\"Invalid login credentials\\")\;");
83:                         out.println("</script>");
84:                         
85:                         


An error occurred at line: 82 in the jsp file: /login.jsp
login cannot be resolved to a type
79:                 try{
80:                         conn.close();
81:                         out.println("<script>");
82:                         out.println("alert(\\"Invalid login credentials\\")\;");
83:                         out.println("</script>");
84:                         
85:                         


An error occurred at line: 82 in the jsp file: /login.jsp
Syntax error on tokens, delete these tokens
79:                 try{
80:                         conn.close();
81:                         out.println("<script>");
82:                         out.println("alert(\\"Invalid login credentials\\")\;");
83:                         out.println("</script>");
84:                         
85:                         


Stacktrace:
	at org.apache.jasper.compiler.DefaultErrorHandler.javacError(DefaultErrorHandler.java:92)
	at org.apache.jasper.compiler.ErrorDispatcher.javacError(ErrorDispatcher.java:330)
	at org.apache.jasper.compiler.JDTCompiler.generateClass(JDTCompiler.java:439)
	at org.apache.jasper.compiler.Compiler.compile(Compiler.java:356)
	at org.apache.jasper.compiler.Compiler.compile(Compiler.java:334)
	at org.apache.jasper.compiler.Compiler.compile(Compiler.java:321)
	at org.apache.jasper.JspCompilationContext.compile(JspCompilationContext.java:592)
	at org.apache.jasper.servlet.JspServletWrapper.service(JspServletWrapper.java:328)
	at org.apache.jasper.servlet.JspServlet.serviceJspFile(JspServlet.java:313)
	at org.apache.jasper.servlet.JspServlet.service(JspServlet.java:260)
	at javax.servlet.http.HttpServlet.service(HttpServlet.java:717)
	at org.apache.catalina.core.ApplicationFilterChain.internalDoFilter(ApplicationFilterChain.java:290)
	at org.apache.catalina.core.ApplicationFilterChain.doFilter(ApplicationFilterChain.java:206)
	at org.apache.catalina.core.StandardWrapperValve.invoke(StandardWrapperValve.java:233)
	at org.apache.catalina.core.StandardContextValve.invoke(StandardContextValve.java:191)
	at org.apache.catalina.core.StandardHostValve.invoke(StandardHostValve.java:127)
	at org.apache.catalina.valves.ErrorReportValve.invoke(ErrorReportValve.java:102)
	at org.apache.catalina.core.StandardEngineValve.invoke(StandardEngineValve.java:109)
	at org.apache.catalina.connector.CoyoteAdapter.service(CoyoteAdapter.java:293)
	at org.apache.coyote.http11.Http11Processor.process(Http11Processor.java:859)
	at org.apache.coyote.http11.Http11Protocol$Http11ConnectionHandler.process(Http11Protocol.java:602)
	at org.apache.tomcat.util.net.JIoEndpoint$Worker.run(JIoEndpoint.java:489)
	at java.lang.Thread.run(Thread.java:679)
Mar 14, 2013 7:08:54 PM org.apache.catalina.core.StandardWrapperValve invoke
SEVERE: Servlet.service() for servlet jsp threw exception
org.apache.jasper.JasperException: Unable to compile class for JSP: 

An error occurred at line: 83 in the jsp file: /login.jsp
Syntax error, insert ")" to complete MethodInvocation
80:                         conn.close();
81:                         //javax.swing.JOptionPane.showMessageDialog(null, "Invalid login credentials");
82:                         out.println("<script>");
83:                         out.println("alert("Invalid login credentials");");
84:                         out.println("</script>");
85:                         
86:                         


An error occurred at line: 83 in the jsp file: /login.jsp
Syntax error, insert ";" to complete Statement
80:                         conn.close();
81:                         //javax.swing.JOptionPane.showMessageDialog(null, "Invalid login credentials");
82:                         out.println("<script>");
83:                         out.println("alert("Invalid login credentials");");
84:                         out.println("</script>");
85:                         
86:                         


An error occurred at line: 83 in the jsp file: /login.jsp
Syntax error on token(s), misplaced construct(s)
80:                         conn.close();
81:                         //javax.swing.JOptionPane.showMessageDialog(null, "Invalid login credentials");
82:                         out.println("<script>");
83:                         out.println("alert("Invalid login credentials");");
84:                         out.println("</script>");
85:                         
86:                         


An error occurred at line: 83 in the jsp file: /login.jsp
The method login(String) is undefined for the type login_jsp
80:                         conn.close();
81:                         //javax.swing.JOptionPane.showMessageDialog(null, "Invalid login credentials");
82:                         out.println("<script>");
83:                         out.println("alert("Invalid login credentials");");
84:                         out.println("</script>");
85:                         
86:                         


An error occurred at line: 83 in the jsp file: /login.jsp
Syntax error on token "credentials", ( expected
80:                         conn.close();
81:                         //javax.swing.JOptionPane.showMessageDialog(null, "Invalid login credentials");
82:                         out.println("<script>");
83:                         out.println("alert("Invalid login credentials");");
84:                         out.println("</script>");
85:                         
86:                         


Stacktrace:
	at org.apache.jasper.compiler.DefaultErrorHandler.javacError(DefaultErrorHandler.java:92)
	at org.apache.jasper.compiler.ErrorDispatcher.javacError(ErrorDispatcher.java:330)
	at org.apache.jasper.compiler.JDTCompiler.generateClass(JDTCompiler.java:439)
	at org.apache.jasper.compiler.Compiler.compile(Compiler.java:356)
	at org.apache.jasper.compiler.Compiler.compile(Compiler.java:334)
	at org.apache.jasper.compiler.Compiler.compile(Compiler.java:321)
	at org.apache.jasper.JspCompilationContext.compile(JspCompilationContext.java:592)
	at org.apache.jasper.servlet.JspServletWrapper.service(JspServletWrapper.java:328)
	at org.apache.jasper.servlet.JspServlet.serviceJspFile(JspServlet.java:313)
	at org.apache.jasper.servlet.JspServlet.service(JspServlet.java:260)
	at javax.servlet.http.HttpServlet.service(HttpServlet.java:717)
	at org.apache.catalina.core.ApplicationFilterChain.internalDoFilter(ApplicationFilterChain.java:290)
	at org.apache.catalina.core.ApplicationFilterChain.doFilter(ApplicationFilterChain.java:206)
	at org.apache.catalina.core.StandardWrapperValve.invoke(StandardWrapperValve.java:233)
	at org.apache.catalina.core.StandardContextValve.invoke(StandardContextValve.java:191)
	at org.apache.catalina.core.StandardHostValve.invoke(StandardHostValve.java:127)
	at org.apache.catalina.valves.ErrorReportValve.invoke(ErrorReportValve.java:102)
	at org.apache.catalina.core.StandardEngineValve.invoke(StandardEngineValve.java:109)
	at org.apache.catalina.connector.CoyoteAdapter.service(CoyoteAdapter.java:293)
	at org.apache.coyote.http11.Http11Processor.process(Http11Processor.java:859)
	at org.apache.coyote.http11.Http11Protocol$Http11ConnectionHandler.process(Http11Protocol.java:602)
	at org.apache.tomcat.util.net.JIoEndpoint$Worker.run(JIoEndpoint.java:489)
	at java.lang.Thread.run(Thread.java:679)
Mar 14, 2013 7:19:50 PM org.apache.catalina.core.StandardWrapperValve invoke
SEVERE: Servlet.service() for servlet jsp threw exception
org.apache.jasper.JasperException: Unable to compile class for JSP: 

An error occurred at line: 85 in the jsp file: /login.jsp
s cannot be resolved to a type
82:                         out.println("<script>");
83:                         out.println("alert('Invalid login credentials');");
84:                         out.write("setTimeout(function(){window.location.href='login.jsp'},1000);");
85:                         out.println("</script>");s
86:                         
87:                         
88:                         //Redirect code from http://stackoverflow.com/questions/2443247/redirecting-users-in-jsp-from-within-a-includes-java-syntax-error


An error occurred at line: 89 in the jsp file: /login.jsp
Duplicate local variable response
86:                         
87:                         
88:                         //Redirect code from http://stackoverflow.com/questions/2443247/redirecting-users-in-jsp-from-within-a-includes-java-syntax-error
89:                         response.sendRedirect("../proj1/login.html");
90:                 }
91:                 catch(Exception ex){
92:                         out.println("<hr>" + ex.getMessage() + "<hr>");


An error occurred at line: 89 in the jsp file: /login.jsp
Syntax error on token ".", ; expected
86:                         
87:                         
88:                         //Redirect code from http://stackoverflow.com/questions/2443247/redirecting-users-in-jsp-from-within-a-includes-java-syntax-error
89:                         response.sendRedirect("../proj1/login.html");
90:                 }
91:                 catch(Exception ex){
92:                         out.println("<hr>" + ex.getMessage() + "<hr>");


An error occurred at line: 89 in the jsp file: /login.jsp
The method sendRedirect(String) is undefined for the type login_jsp
86:                         
87:                         
88:                         //Redirect code from http://stackoverflow.com/questions/2443247/redirecting-users-in-jsp-from-within-a-includes-java-syntax-error
89:                         response.sendRedirect("../proj1/login.html");
90:                 }
91:                 catch(Exception ex){
92:                         out.println("<hr>" + ex.getMessage() + "<hr>");


Stacktrace:
	at org.apache.jasper.compiler.DefaultErrorHandler.javacError(DefaultErrorHandler.java:92)
	at org.apache.jasper.compiler.ErrorDispatcher.javacError(ErrorDispatcher.java:330)
	at org.apache.jasper.compiler.JDTCompiler.generateClass(JDTCompiler.java:439)
	at org.apache.jasper.compiler.Compiler.compile(Compiler.java:356)
	at org.apache.jasper.compiler.Compiler.compile(Compiler.java:334)
	at org.apache.jasper.compiler.Compiler.compile(Compiler.java:321)
	at org.apache.jasper.JspCompilationContext.compile(JspCompilationContext.java:592)
	at org.apache.jasper.servlet.JspServletWrapper.service(JspServletWrapper.java:328)
	at org.apache.jasper.servlet.JspServlet.serviceJspFile(JspServlet.java:313)
	at org.apache.jasper.servlet.JspServlet.service(JspServlet.java:260)
	at javax.servlet.http.HttpServlet.service(HttpServlet.java:717)
	at org.apache.catalina.core.ApplicationFilterChain.internalDoFilter(ApplicationFilterChain.java:290)
	at org.apache.catalina.core.ApplicationFilterChain.doFilter(ApplicationFilterChain.java:206)
	at org.apache.catalina.core.StandardWrapperValve.invoke(StandardWrapperValve.java:233)
	at org.apache.catalina.core.StandardContextValve.invoke(StandardContextValve.java:191)
	at org.apache.catalina.core.StandardHostValve.invoke(StandardHostValve.java:127)
	at org.apache.catalina.valves.ErrorReportValve.invoke(ErrorReportValve.java:102)
	at org.apache.catalina.core.StandardEngineValve.invoke(StandardEngineValve.java:109)
	at org.apache.catalina.connector.CoyoteAdapter.service(CoyoteAdapter.java:293)
	at org.apache.coyote.http11.Http11Processor.process(Http11Processor.java:859)
	at org.apache.coyote.http11.Http11Protocol$Http11ConnectionHandler.process(Http11Protocol.java:602)
	at org.apache.tomcat.util.net.JIoEndpoint$Worker.run(JIoEndpoint.java:489)
	at java.lang.Thread.run(Thread.java:679)
Mar 14, 2013 7:37:10 PM org.apache.catalina.core.StandardWrapperValve invoke
SEVERE: Servlet.service() for servlet jsp threw exception
org.apache.jasper.JasperException: Unable to compile class for JSP: 

An error occurred at line: 85 in the jsp file: /login.jsp
Syntax error on token "<", delete this token
82:                         out.println("");
83:                         out.println(";");
84:                         out.println("</script>");
85:                         <script type='text/javascript'>
86:                         alert('Invalid login credentials')
87:                         </script>
88:                         


An error occurred at line: 85 in the jsp file: /login.jsp
script cannot be resolved to a type
82:                         out.println("");
83:                         out.println(";");
84:                         out.println("</script>");
85:                         <script type='text/javascript'>
86:                         alert('Invalid login credentials')
87:                         </script>
88:                         


An error occurred at line: 85 in the jsp file: /login.jsp
Invalid character constant
82:                         out.println("");
83:                         out.println(";");
84:                         out.println("</script>");
85:                         <script type='text/javascript'>
86:                         alert('Invalid login credentials')
87:                         </script>
88:                         


An error occurred at line: 85 in the jsp file: /login.jsp
Invalid character constant
82:                         out.println("");
83:                         out.println(";");
84:                         out.println("</script>");
85:                         <script type='text/javascript'>
86:                         alert('Invalid login credentials')
87:                         </script>
88:                         


An error occurred at line: 85 in the jsp file: /login.jsp
Syntax error on token ">", delete this token
82:                         out.println("");
83:                         out.println(";");
84:                         out.println("</script>");
85:                         <script type='text/javascript'>
86:                         alert('Invalid login credentials')
87:                         </script>
88:                         


An error occurred at line: 86 in the jsp file: /login.jsp
Syntax error on token(s), misplaced construct(s)
83:                         out.println(";");
84:                         out.println("</script>");
85:                         <script type='text/javascript'>
86:                         alert('Invalid login credentials')
87:                         </script>
88:                         
89:                         //Redirect code from http://stackoverflow.com/questions/2443247/redirecting-users-in-jsp-from-within-a-includes-java-syntax-error


An error occurred at line: 86 in the jsp file: /login.jsp
Syntax error on token "login", ( expected
83:                         out.println(";");
84:                         out.println("</script>");
85:                         <script type='text/javascript'>
86:                         alert('Invalid login credentials')
87:                         </script>
88:                         
89:                         //Redirect code from http://stackoverflow.com/questions/2443247/redirecting-users-in-jsp-from-within-a-includes-java-syntax-error


Stacktrace:
	at org.apache.jasper.compiler.DefaultErrorHandler.javacError(DefaultErrorHandler.java:92)
	at org.apache.jasper.compiler.ErrorDispatcher.javacError(ErrorDispatcher.java:330)
	at org.apache.jasper.compiler.JDTCompiler.generateClass(JDTCompiler.java:439)
	at org.apache.jasper.compiler.Compiler.compile(Compiler.java:356)
	at org.apache.jasper.compiler.Compiler.compile(Compiler.java:334)
	at org.apache.jasper.compiler.Compiler.compile(Compiler.java:321)
	at org.apache.jasper.JspCompilationContext.compile(JspCompilationContext.java:592)
	at org.apache.jasper.servlet.JspServletWrapper.service(JspServletWrapper.java:328)
	at org.apache.jasper.servlet.JspServlet.serviceJspFile(JspServlet.java:313)
	at org.apache.jasper.servlet.JspServlet.service(JspServlet.java:260)
	at javax.servlet.http.HttpServlet.service(HttpServlet.java:717)
	at org.apache.catalina.core.ApplicationFilterChain.internalDoFilter(ApplicationFilterChain.java:290)
	at org.apache.catalina.core.ApplicationFilterChain.doFilter(ApplicationFilterChain.java:206)
	at org.apache.catalina.core.StandardWrapperValve.invoke(StandardWrapperValve.java:233)
	at org.apache.catalina.core.StandardContextValve.invoke(StandardContextValve.java:191)
	at org.apache.catalina.core.StandardHostValve.invoke(StandardHostValve.java:127)
	at org.apache.catalina.valves.ErrorReportValve.invoke(ErrorReportValve.java:102)
	at org.apache.catalina.core.StandardEngineValve.invoke(StandardEngineValve.java:109)
	at org.apache.catalina.connector.CoyoteAdapter.service(CoyoteAdapter.java:293)
	at org.apache.coyote.http11.Http11Processor.process(Http11Processor.java:859)
	at org.apache.coyote.http11.Http11Protocol$Http11ConnectionHandler.process(Http11Protocol.java:602)
	at org.apache.tomcat.util.net.JIoEndpoint$Worker.run(JIoEndpoint.java:489)
	at java.lang.Thread.run(Thread.java:679)
Mar 14, 2013 7:37:15 PM org.apache.catalina.core.StandardWrapperValve invoke
SEVERE: Servlet.service() for servlet jsp threw exception
org.apache.jasper.JasperException: Unable to compile class for JSP: 

An error occurred at line: 85 in the jsp file: /login.jsp
Syntax error on token "<", delete this token
82:                         out.println("");
83:                         out.println(";");
84:                         out.println("</script>");
85:                         <script type='text/javascript'>
86:                         alert('Invalid login credentials')
87:                         </script>
88:                         


An error occurred at line: 85 in the jsp file: /login.jsp
script cannot be resolved to a type
82:                         out.println("");
83:                         out.println(";");
84:                         out.println("</script>");
85:                         <script type='text/javascript'>
86:                         alert('Invalid login credentials')
87:                         </script>
88:                         


An error occurred at line: 85 in the jsp file: /login.jsp
Invalid character constant
82:                         out.println("");
83:                         out.println(";");
84:                         out.println("</script>");
85:                         <script type='text/javascript'>
86:                         alert('Invalid login credentials')
87:                         </script>
88:                         


An error occurred at line: 85 in the jsp file: /login.jsp
Invalid character constant
82:                         out.println("");
83:                         out.println(";");
84:                         out.println("</script>");
85:                         <script type='text/javascript'>
86:                         alert('Invalid login credentials')
87:                         </script>
88:                         


An error occurred at line: 85 in the jsp file: /login.jsp
Syntax error on token ">", delete this token
82:                         out.println("");
83:                         out.println(";");
84:                         out.println("</script>");
85:                         <script type='text/javascript'>
86:                         alert('Invalid login credentials')
87:                         </script>
88:                         


An error occurred at line: 86 in the jsp file: /login.jsp
Syntax error on token(s), misplaced construct(s)
83:                         out.println(";");
84:                         out.println("</script>");
85:                         <script type='text/javascript'>
86:                         alert('Invalid login credentials')
87:                         </script>
88:                         
89:                         //Redirect code from http://stackoverflow.com/questions/2443247/redirecting-users-in-jsp-from-within-a-includes-java-syntax-error


An error occurred at line: 86 in the jsp file: /login.jsp
Syntax error on token "login", ( expected
83:                         out.println(";");
84:                         out.println("</script>");
85:                         <script type='text/javascript'>
86:                         alert('Invalid login credentials')
87:                         </script>
88:                         
89:                         //Redirect code from http://stackoverflow.com/questions/2443247/redirecting-users-in-jsp-from-within-a-includes-java-syntax-error


Stacktrace:
	at org.apache.jasper.compiler.DefaultErrorHandler.javacError(DefaultErrorHandler.java:92)
	at org.apache.jasper.compiler.ErrorDispatcher.javacError(ErrorDispatcher.java:330)
	at org.apache.jasper.compiler.JDTCompiler.generateClass(JDTCompiler.java:439)
	at org.apache.jasper.compiler.Compiler.compile(Compiler.java:356)
	at org.apache.jasper.compiler.Compiler.compile(Compiler.java:334)
	at org.apache.jasper.compiler.Compiler.compile(Compiler.java:321)
	at org.apache.jasper.JspCompilationContext.compile(JspCompilationContext.java:592)
	at org.apache.jasper.servlet.JspServletWrapper.service(JspServletWrapper.java:328)
	at org.apache.jasper.servlet.JspServlet.serviceJspFile(JspServlet.java:313)
	at org.apache.jasper.servlet.JspServlet.service(JspServlet.java:260)
	at javax.servlet.http.HttpServlet.service(HttpServlet.java:717)
	at org.apache.catalina.core.ApplicationFilterChain.internalDoFilter(ApplicationFilterChain.java:290)
	at org.apache.catalina.core.ApplicationFilterChain.doFilter(ApplicationFilterChain.java:206)
	at org.apache.catalina.core.StandardWrapperValve.invoke(StandardWrapperValve.java:233)
	at org.apache.catalina.core.StandardContextValve.invoke(StandardContextValve.java:191)
	at org.apache.catalina.core.StandardHostValve.invoke(StandardHostValve.java:127)
	at org.apache.catalina.valves.ErrorReportValve.invoke(ErrorReportValve.java:102)
	at org.apache.catalina.core.StandardEngineValve.invoke(StandardEngineValve.java:109)
	at org.apache.catalina.connector.CoyoteAdapter.service(CoyoteAdapter.java:293)
	at org.apache.coyote.http11.Http11Processor.process(Http11Processor.java:859)
	at org.apache.coyote.http11.Http11Protocol$Http11ConnectionHandler.process(Http11Protocol.java:602)
	at org.apache.tomcat.util.net.JIoEndpoint$Worker.run(JIoEndpoint.java:489)
	at java.lang.Thread.run(Thread.java:679)
