Mar 8, 2013 3:03:00 PM org.apache.catalina.core.StandardWrapperValve invoke
SEVERE: Servlet.service() for servlet jsp threw exception
org.apache.jasper.JasperException: Unable to compile class for JSP: 

An error occurred at line: 25 in the jsp file: /login.jsp
Syntax error, insert ")" to complete MethodInvocation
22:         	out.println("<p>Your input User Name is "+userName+"</p>");
23:         	out.println("<p>Your input password is "+passwd+"</p>");
24: 
25: 			out.println("<p><a href = "userinfo.html">Manage User Info</a></p>");
26: 			
27: 	        //establish the connection to the underlying database
28:         	Connection conn = null;


An error occurred at line: 25 in the jsp file: /login.jsp
Syntax error, insert ";" to complete Statement
22:         	out.println("<p>Your input User Name is "+userName+"</p>");
23:         	out.println("<p>Your input password is "+passwd+"</p>");
24: 
25: 			out.println("<p><a href = "userinfo.html">Manage User Info</a></p>");
26: 			
27: 	        //establish the connection to the underlying database
28:         	Connection conn = null;


An error occurred at line: 25 in the jsp file: /login.jsp
userinfo cannot be resolved
22:         	out.println("<p>Your input User Name is "+userName+"</p>");
23:         	out.println("<p>Your input password is "+passwd+"</p>");
24: 
25: 			out.println("<p><a href = "userinfo.html">Manage User Info</a></p>");
26: 			
27: 	        //establish the connection to the underlying database
28:         	Connection conn = null;


An error occurred at line: 25 in the jsp file: /login.jsp
Syntax error on token "html", ( expected after this token
22:         	out.println("<p>Your input User Name is "+userName+"</p>");
23:         	out.println("<p>Your input password is "+passwd+"</p>");
24: 
25: 			out.println("<p><a href = "userinfo.html">Manage User Info</a></p>");
26: 			
27: 	        //establish the connection to the underlying database
28:         	Connection conn = null;


Stacktrace:
	at org.apache.jasper.compiler.DefaultErrorHandler.javacError(DefaultErrorHandler.java:92)
	at org.apache.jasper.compiler.ErrorDispatcher.javacError(ErrorDispatcher.java:330)
	at org.apache.jasper.compiler.JDTCompiler.generateClass(JDTCompiler.java:439)
	at org.apache.jasper.compiler.Compiler.compile(Compiler.java:356)
	at org.apache.jasper.compiler.Compiler.compile(Compiler.java:334)
	at org.apache.jasper.compiler.Compiler.compile(Compiler.java:321)
	at org.apache.jasper.JspCompilationContext.compile(JspCompilationContext.java:592)
	at org.apache.jasper.servlet.JspServletWrapper.service(JspServletWrapper.java:328)
	at org.apache.jasper.servlet.JspServlet.serviceJspFile(JspServlet.java:313)
	at org.apache.jasper.servlet.JspServlet.service(JspServlet.java:260)
	at javax.servlet.http.HttpServlet.service(HttpServlet.java:717)
	at org.apache.catalina.core.ApplicationFilterChain.internalDoFilter(ApplicationFilterChain.java:290)
	at org.apache.catalina.core.ApplicationFilterChain.doFilter(ApplicationFilterChain.java:206)
	at org.apache.catalina.core.StandardWrapperValve.invoke(StandardWrapperValve.java:233)
	at org.apache.catalina.core.StandardContextValve.invoke(StandardContextValve.java:191)
	at org.apache.catalina.core.StandardHostValve.invoke(StandardHostValve.java:127)
	at org.apache.catalina.valves.ErrorReportValve.invoke(ErrorReportValve.java:102)
	at org.apache.catalina.core.StandardEngineValve.invoke(StandardEngineValve.java:109)
	at org.apache.catalina.connector.CoyoteAdapter.service(CoyoteAdapter.java:293)
	at org.apache.coyote.http11.Http11Processor.process(Http11Processor.java:859)
	at org.apache.coyote.http11.Http11Protocol$Http11ConnectionHandler.process(Http11Protocol.java:602)
	at org.apache.tomcat.util.net.JIoEndpoint$Worker.run(JIoEndpoint.java:489)
	at java.lang.Thread.run(Thread.java:679)
Mar 8, 2013 3:03:08 PM org.apache.catalina.core.StandardWrapperValve invoke
SEVERE: Servlet.service() for servlet jsp threw exception
org.apache.jasper.JasperException: Unable to compile class for JSP: 

An error occurred at line: 25 in the jsp file: /login.jsp
Syntax error, insert ")" to complete MethodInvocation
22:         	out.println("<p>Your input User Name is "+userName+"</p>");
23:         	out.println("<p>Your input password is "+passwd+"</p>");
24: 
25: 			out.println("<p><a href = "userinfo.html">Manage User Info</a></p>");
26: 			
27: 	        //establish the connection to the underlying database
28:         	Connection conn = null;


An error occurred at line: 25 in the jsp file: /login.jsp
Syntax error, insert ";" to complete Statement
22:         	out.println("<p>Your input User Name is "+userName+"</p>");
23:         	out.println("<p>Your input password is "+passwd+"</p>");
24: 
25: 			out.println("<p><a href = "userinfo.html">Manage User Info</a></p>");
26: 			
27: 	        //establish the connection to the underlying database
28:         	Connection conn = null;


An error occurred at line: 25 in the jsp file: /login.jsp
userinfo cannot be resolved
22:         	out.println("<p>Your input User Name is "+userName+"</p>");
23:         	out.println("<p>Your input password is "+passwd+"</p>");
24: 
25: 			out.println("<p><a href = "userinfo.html">Manage User Info</a></p>");
26: 			
27: 	        //establish the connection to the underlying database
28:         	Connection conn = null;


An error occurred at line: 25 in the jsp file: /login.jsp
Syntax error on token "html", ( expected after this token
22:         	out.println("<p>Your input User Name is "+userName+"</p>");
23:         	out.println("<p>Your input password is "+passwd+"</p>");
24: 
25: 			out.println("<p><a href = "userinfo.html">Manage User Info</a></p>");
26: 			
27: 	        //establish the connection to the underlying database
28:         	Connection conn = null;


Stacktrace:
	at org.apache.jasper.compiler.DefaultErrorHandler.javacError(DefaultErrorHandler.java:92)
	at org.apache.jasper.compiler.ErrorDispatcher.javacError(ErrorDispatcher.java:330)
	at org.apache.jasper.compiler.JDTCompiler.generateClass(JDTCompiler.java:439)
	at org.apache.jasper.compiler.Compiler.compile(Compiler.java:356)
	at org.apache.jasper.compiler.Compiler.compile(Compiler.java:334)
	at org.apache.jasper.compiler.Compiler.compile(Compiler.java:321)
	at org.apache.jasper.JspCompilationContext.compile(JspCompilationContext.java:592)
	at org.apache.jasper.servlet.JspServletWrapper.service(JspServletWrapper.java:328)
	at org.apache.jasper.servlet.JspServlet.serviceJspFile(JspServlet.java:313)
	at org.apache.jasper.servlet.JspServlet.service(JspServlet.java:260)
	at javax.servlet.http.HttpServlet.service(HttpServlet.java:717)
	at org.apache.catalina.core.ApplicationFilterChain.internalDoFilter(ApplicationFilterChain.java:290)
	at org.apache.catalina.core.ApplicationFilterChain.doFilter(ApplicationFilterChain.java:206)
	at org.apache.catalina.core.StandardWrapperValve.invoke(StandardWrapperValve.java:233)
	at org.apache.catalina.core.StandardContextValve.invoke(StandardContextValve.java:191)
	at org.apache.catalina.core.StandardHostValve.invoke(StandardHostValve.java:127)
	at org.apache.catalina.valves.ErrorReportValve.invoke(ErrorReportValve.java:102)
	at org.apache.catalina.core.StandardEngineValve.invoke(StandardEngineValve.java:109)
	at org.apache.catalina.connector.CoyoteAdapter.service(CoyoteAdapter.java:293)
	at org.apache.coyote.http11.Http11Processor.process(Http11Processor.java:859)
	at org.apache.coyote.http11.Http11Protocol$Http11ConnectionHandler.process(Http11Protocol.java:602)
	at org.apache.tomcat.util.net.JIoEndpoint$Worker.run(JIoEndpoint.java:489)
	at java.lang.Thread.run(Thread.java:679)
